TN:
SF:D:/Vignesh/Academy/Angular5/Demo/Bonus/BEx1-JasmineKarma/src/polyfills.ts
FNF:0
FNH:0
DA:41,1
DA:42,1
DA:56,1
LF:3
LH:3
BRF:0
BRH:0
end_of_record
TN:
SF:D:/Vignesh/Academy/Angular5/Demo/Bonus/BEx1-JasmineKarma/src/test.ts
FN:20,(anonymous_0)
FNF:1
FNH:1
FNDA:1,(anonymous_0)
DA:3,1
DA:4,1
DA:5,1
DA:6,1
DA:7,1
DA:8,1
DA:9,1
DA:10,1
DA:20,1
DA:23,1
DA:28,1
DA:30,1
DA:32,1
LF:13
LH:13
BRF:0
BRH:0
end_of_record
TN:
SF:D:/Vignesh/Academy/Angular5/Demo/Bonus/BEx1-JasmineKarma/src/app/app.component.ts
FN:8,(anonymous_1)
FN:3,AppComponent
FNF:2
FNH:2
FNDA:1,(anonymous_1)
FNDA:3,AppComponent
DA:1,1
DA:8,1
DA:9,3
DA:10,1
LF:4
LH:4
BRF:0
BRH:0
end_of_record
TN:
SF:D:/Vignesh/Academy/Angular5/Demo/Bonus/BEx1-JasmineKarma/src/app/components/about/about.component.ts
FN:7,(anonymous_1)
FN:3,AboutComponent
FNF:2
FNH:2
FNDA:1,(anonymous_1)
FNDA:1,AboutComponent
DA:1,1
DA:7,1
DA:8,1
DA:9,1
LF:4
LH:4
BRF:0
BRH:0
end_of_record
TN:
SF:D:/Vignesh/Academy/Angular5/Demo/Bonus/BEx1-JasmineKarma/src/app/components/contact/contact.component.ts
FN:8,(anonymous_2)
FN:18,ContactComponent
FN:22,(anonymous_4)
FN:36,(anonymous_5)
FNF:4
FNH:4
FNDA:1,(anonymous_2)
FNDA:5,ContactComponent
FNDA:5,(anonymous_4)
FNDA:1,(anonymous_5)
DA:1,1
DA:2,1
DA:8,1
DA:9,5
DA:11,5
DA:16,5
DA:19,5
DA:22,1
DA:23,5
DA:36,1
DA:37,1
DA:39,1
LF:12
LH:12
BRF:0
BRH:0
end_of_record
TN:
SF:D:/Vignesh/Academy/Angular5/Demo/Bonus/BEx1-JasmineKarma/src/app/components/home/home.component.ts
FN:7,(anonymous_1)
FN:3,HomeComponent
FNF:2
FNH:2
FNDA:1,(anonymous_1)
FNDA:1,HomeComponent
DA:1,1
DA:7,1
DA:8,1
DA:9,1
DA:10,1
LF:5
LH:5
BRF:0
BRH:0
end_of_record
TN:
SF:D:/Vignesh/Academy/Angular5/Demo/Bonus/BEx1-JasmineKarma/src/app/components/quote-text/quote-text.component.ts
FN:8,(anonymous_2)
FN:8,QuoteTextComponent
FNF:2
FNH:2
FNDA:1,(anonymous_2)
FNDA:2,QuoteTextComponent
DA:1,1
DA:8,1
DA:9,1
DA:10,1
LF:4
LH:4
BRF:0
BRH:0
end_of_record
TN:
SF:D:/Vignesh/Academy/Angular5/Demo/Bonus/BEx1-JasmineKarma/src/app/components/user/user.component.ts
FN:9,(anonymous_2)
FN:13,UserComponent
FNF:2
FNH:2
FNDA:1,(anonymous_2)
FNDA:2,UserComponent
DA:1,1
DA:3,1
DA:9,1
DA:10,2
DA:13,2
DA:14,2
DA:16,1
LF:7
LH:7
BRDA:13,0,0,1
BRDA:13,0,1,0
BRDA:13,1,0,1
BRF:3
BRH:2
end_of_record
TN:
SF:D:/Vignesh/Academy/Angular5/Demo/Bonus/BEx1-JasmineKarma/src/app/components/user/user.service.ts
FN:4,(anonymous_2)
FN:5,UserService
FN:7,(anonymous_4)
FNF:3
FNH:1
FNDA:1,(anonymous_2)
FNDA:0,UserService
FNDA:0,(anonymous_4)
DA:1,1
DA:4,1
DA:7,1
DA:8,0
DA:19,1
LF:5
LH:4
BRF:0
BRH:0
end_of_record
TN:
SF:D:/Vignesh/Academy/Angular5/Demo/Bonus/BEx1-JasmineKarma/src/app/mocks/user.service.mock.ts
FN:4,(anonymous_2)
FN:5,UserServiceMock
FN:7,(anonymous_4)
FNF:3
FNH:3
FNDA:1,(anonymous_2)
FNDA:2,UserServiceMock
FNDA:2,(anonymous_4)
DA:1,1
DA:4,1
DA:7,1
DA:8,2
DA:15,1
LF:5
LH:5
BRF:0
BRH:0
end_of_record
